<?xml version="1.0" encoding="UTF-8"?>
<testng-results ignored="0" total="1" passed="1" failed="0" skipped="0">
  <reporter-output>
  </reporter-output>
  <suite started-at="2023-09-28T14:33:01 IST" name="Default suite" finished-at="2023-09-28T14:33:06 IST" duration-ms="5288">
    <groups>
    </groups>
    <test started-at="2023-09-28T14:33:01 IST" name="Default test" finished-at="2023-09-28T14:33:06 IST" duration-ms="5288">
      <class name="com.rgt.runner.APITest">
        <test-method signature="runner()[pri:0, instance:com.rgt.runner.APITest@5e2c3d18]" started-at="2023-09-28T14:33:01 IST" name="runner" finished-at="2023-09-28T14:33:06 IST" duration-ms="5175" status="PASS">
          <reporter-output>
          </reporter-output>
        </test-method> <!-- runner -->
      </class> <!-- com.rgt.runner.APITest -->
    </test> <!-- Default test -->
  </suite> <!-- Default suite -->
</testng-results>
